[24-Mar-2019 02:37:13 UTC] デバッグ：『『『『『『『『『『『『『『『『『『『『『『『『『『『『『『『『『『『『『
[24-Mar-2019 02:37:13 UTC] デバッグ：記事投稿・編集ページ
[24-Mar-2019 02:37:13 UTC] デバッグ：『『『『『『『『『『『『『『『『『『『『『『『『『『『『『『『『『『『『『
[24-Mar-2019 02:37:13 UTC] デバッグ：>>>>>>>>>>>>>>>>>>>>>>>>>>>>>>>>>>>>>>>>>>>>>> 画面表示処理開始(fun)
[24-Mar-2019 02:37:13 UTC] デバッグ：セッションID:1d6tkf1qg9t2647t0cag49s878
[24-Mar-2019 02:37:13 UTC] デバッグ：セッション変数の中身:Array
(
    [login_limit] => 2592000
    [user_id] => 6
    [login_date] => 1553392524
    [msg_success] => 
)

[24-Mar-2019 02:37:13 UTC] デバッグ：現在日時タイムスタンプ:1553395033
[24-Mar-2019 02:37:13 UTC] デバッグ：ログイン期限日時タイムスタンプ:1555984524
[24-Mar-2019 02:37:13 UTC] デバッグ：すでにログインしているユーザーです
[24-Mar-2019 02:37:13 UTC] デバッグ：セッションの中身：Array
(
    [login_limit] => 2592000
    [user_id] => 6
    [login_date] => 1553392524
    [msg_success] => 
)

[24-Mar-2019 02:37:13 UTC] デバッグ：ログイン有効期限内です
[24-Mar-2019 02:37:13 UTC] デバッグ：商品登録・編集のために商品情報を取得します
[24-Mar-2019 02:37:13 UTC] デバッグ：クエリ実行準備は完了しています
[24-Mar-2019 02:37:13 UTC] デバッグ：クエリに失敗しました
[24-Mar-2019 02:37:13 UTC] デバッグ：失敗したSQL:PDOStatement Object
(
    [queryString] => SELECT product FROM users WHERE id=:u_id AND delete_flg=0
)

[24-Mar-2019 02:37:13 UTC] PHP Fatal error:  Uncaught Error: Call to a member function fetch() on integer in /Applications/MAMP/htdocs/webサービス部/webサービス/function.php:270
Stack trace:
#0 /Applications/MAMP/htdocs/webサービス部/webサービス/registProduct.php(14): getProduct('6')
#1 {main}
  thrown in /Applications/MAMP/htdocs/webサービス部/webサービス/function.php on line 270
[24-Mar-2019 02:41:12 UTC] デバッグ：『『『『『『『『『『『『『『『『『『『『『『『『『『『『『『『『『『『『『
[24-Mar-2019 02:41:12 UTC] デバッグ：記事投稿・編集ページ
[24-Mar-2019 02:41:12 UTC] デバッグ：『『『『『『『『『『『『『『『『『『『『『『『『『『『『『『『『『『『『『
[24-Mar-2019 02:41:12 UTC] デバッグ：>>>>>>>>>>>>>>>>>>>>>>>>>>>>>>>>>>>>>>>>>>>>>> 画面表示処理開始(fun)
[24-Mar-2019 02:41:12 UTC] デバッグ：セッションID:hl6cedsgbfhht41iilpen150ii
[24-Mar-2019 02:41:12 UTC] デバッグ：セッション変数の中身:Array
(
    [login_limit] => 2592000
    [user_id] => 6
    [login_date] => 1553392524
    [msg_success] => 
)

[24-Mar-2019 02:41:12 UTC] デバッグ：現在日時タイムスタンプ:1553395272
[24-Mar-2019 02:41:12 UTC] デバッグ：ログイン期限日時タイムスタンプ:1555984524
[24-Mar-2019 02:41:12 UTC] デバッグ：すでにログインしているユーザーです
[24-Mar-2019 02:41:12 UTC] デバッグ：セッションの中身：Array
(
    [login_limit] => 2592000
    [user_id] => 6
    [login_date] => 1553392524
    [msg_success] => 
)

[24-Mar-2019 02:41:12 UTC] デバッグ：ログイン有効期限内です
[24-Mar-2019 02:41:12 UTC] デバッグ：商品登録・編集のために商品情報を取得します
[24-Mar-2019 02:41:12 UTC] デバッグ：クエリ実行準備は完了しています
[24-Mar-2019 02:41:12 UTC] デバッグ：クエリに失敗しました
[24-Mar-2019 02:41:12 UTC] デバッグ：失敗したSQL:PDOStatement Object
(
    [queryString] => SELECT product FROM users WHERE id=:u_id AND delete_flg=0
)

[24-Mar-2019 02:41:12 UTC] PHP Fatal error:  Uncaught Error: Call to a member function fetch() on integer in /Applications/MAMP/htdocs/webサービス部/webサービス/function.php:270
Stack trace:
#0 /Applications/MAMP/htdocs/webサービス部/webサービス/registProduct.php(14): getProduct('6')
#1 {main}
  thrown in /Applications/MAMP/htdocs/webサービス部/webサービス/function.php on line 270
[24-Mar-2019 02:43:01 UTC] デバッグ：『『『『『『『『『『『『『『『『『『『『『『『『『『『『『『『『『『『『『
[24-Mar-2019 02:43:01 UTC] デバッグ：記事投稿・編集ページ
[24-Mar-2019 02:43:01 UTC] デバッグ：『『『『『『『『『『『『『『『『『『『『『『『『『『『『『『『『『『『『『
[24-Mar-2019 02:43:01 UTC] デバッグ：>>>>>>>>>>>>>>>>>>>>>>>>>>>>>>>>>>>>>>>>>>>>>> 画面表示処理開始(fun)
[24-Mar-2019 02:43:01 UTC] デバッグ：セッションID:3l4g08smtc4pk4o98ujecq9bvs
[24-Mar-2019 02:43:01 UTC] デバッグ：セッション変数の中身:Array
(
    [login_limit] => 2592000
    [user_id] => 6
    [login_date] => 1553392524
    [msg_success] => 
)

[24-Mar-2019 02:43:01 UTC] デバッグ：現在日時タイムスタンプ:1553395381
[24-Mar-2019 02:43:01 UTC] デバッグ：ログイン期限日時タイムスタンプ:1555984524
[24-Mar-2019 02:43:01 UTC] デバッグ：すでにログインしているユーザーです
[24-Mar-2019 02:43:01 UTC] デバッグ：セッションの中身：Array
(
    [login_limit] => 2592000
    [user_id] => 6
    [login_date] => 1553392524
    [msg_success] => 
)

[24-Mar-2019 02:43:01 UTC] デバッグ：ログイン有効期限内です
[24-Mar-2019 02:43:01 UTC] デバッグ：商品登録・編集のために商品情報を取得します
[24-Mar-2019 02:43:01 UTC] デバッグ：クエリ実行準備は完了しています
[24-Mar-2019 02:43:01 UTC] デバッグ：クエリに成功しました
[24-Mar-2019 02:43:01 UTC] デバッグ：成功したSQL:PDOStatement Object
(
    [queryString] => SELECT * FROM product WHERE id=:u_id AND delete_flg=0
)

[24-Mar-2019 02:43:01 UTC] デバッグ：取得してきた商品データ:0
[24-Mar-2019 03:07:08 UTC] デバッグ：『『『『『『『『『『『『『『『『『『『『『『『『『『『『『『『『『『『『『
[24-Mar-2019 03:07:08 UTC] デバッグ：記事投稿・編集ページ
[24-Mar-2019 03:07:08 UTC] デバッグ：『『『『『『『『『『『『『『『『『『『『『『『『『『『『『『『『『『『『『
[24-Mar-2019 03:07:08 UTC] デバッグ：>>>>>>>>>>>>>>>>>>>>>>>>>>>>>>>>>>>>>>>>>>>>>> 画面表示処理開始(fun)
[24-Mar-2019 03:07:08 UTC] デバッグ：セッションID:ke5oulgtf63av79ut8arb9v9rf
[24-Mar-2019 03:07:08 UTC] デバッグ：セッション変数の中身:Array
(
    [login_limit] => 2592000
    [user_id] => 6
    [login_date] => 1553392524
    [msg_success] => 
)

[24-Mar-2019 03:07:08 UTC] デバッグ：現在日時タイムスタンプ:1553396828
[24-Mar-2019 03:07:08 UTC] デバッグ：ログイン期限日時タイムスタンプ:1555984524
[24-Mar-2019 03:07:08 UTC] デバッグ：すでにログインしているユーザーです
[24-Mar-2019 03:07:08 UTC] デバッグ：セッションの中身：Array
(
    [login_limit] => 2592000
    [user_id] => 6
    [login_date] => 1553392524
    [msg_success] => 
)

[24-Mar-2019 03:07:08 UTC] デバッグ：ログイン有効期限内です
[24-Mar-2019 03:07:08 UTC] デバッグ：商品登録・編集のために商品情報を取得します
[24-Mar-2019 03:07:08 UTC] デバッグ：クエリ実行準備は完了しています
[24-Mar-2019 03:07:08 UTC] デバッグ：クエリに成功しました
[24-Mar-2019 03:07:08 UTC] デバッグ：成功したSQL:PDOStatement Object
(
    [queryString] => SELECT * FROM product WHERE id=:u_id AND delete_flg=0
)

[24-Mar-2019 03:07:08 UTC] デバッグ：取得してきた商品データ:0
[24-Mar-2019 03:42:39 UTC] デバッグ：「「「「「「「「「「「「「「「「「「「「「「「「「「「「「「「「「「「
[24-Mar-2019 03:42:39 UTC] デバッグ：トップページ
[24-Mar-2019 03:42:39 UTC] デバッグ：「「「「「「「「「「「「「「「「「「「「「「「「「「「「「「「「「「「
[24-Mar-2019 03:42:39 UTC] デバッグ：すでにログインしているユーザーです
[24-Mar-2019 03:42:39 UTC] デバッグ：セッションの中身：Array
(
    [login_limit] => 2592000
    [user_id] => 6
    [login_date] => 1553392524
    [msg_success] => 
)

[24-Mar-2019 03:42:39 UTC] デバッグ：ログイン有効期限内です
[24-Mar-2019 03:42:41 UTC] デバッグ：『『『『『『『『『『『『『『『『『『『『『『『『『『『『『『『『『『『『『
[24-Mar-2019 03:42:41 UTC] デバッグ：記事投稿・編集ページ
[24-Mar-2019 03:42:41 UTC] デバッグ：『『『『『『『『『『『『『『『『『『『『『『『『『『『『『『『『『『『『『
[24-Mar-2019 03:42:41 UTC] デバッグ：>>>>>>>>>>>>>>>>>>>>>>>>>>>>>>>>>>>>>>>>>>>>>> 画面表示処理開始(fun)
[24-Mar-2019 03:42:41 UTC] デバッグ：セッションID:ui54749dreided35lqd4ki2ebf
[24-Mar-2019 03:42:41 UTC] デバッグ：セッション変数の中身:Array
(
    [login_limit] => 2592000
    [user_id] => 6
    [login_date] => 1553392524
    [msg_success] => 
)

[24-Mar-2019 03:42:41 UTC] デバッグ：現在日時タイムスタンプ:1553398961
[24-Mar-2019 03:42:41 UTC] デバッグ：ログイン期限日時タイムスタンプ:1555984524
[24-Mar-2019 03:42:41 UTC] デバッグ：すでにログインしているユーザーです
[24-Mar-2019 03:42:41 UTC] デバッグ：セッションの中身：Array
(
    [login_limit] => 2592000
    [user_id] => 6
    [login_date] => 1553392524
    [msg_success] => 
)

[24-Mar-2019 03:42:41 UTC] デバッグ：ログイン有効期限内です
[24-Mar-2019 03:42:41 UTC] デバッグ：商品登録・編集のために商品情報を取得します
[24-Mar-2019 03:42:41 UTC] デバッグ：クエリ実行準備は完了しています
[24-Mar-2019 03:42:41 UTC] デバッグ：クエリに成功しました
[24-Mar-2019 03:42:41 UTC] デバッグ：成功したSQL:PDOStatement Object
(
    [queryString] => SELECT * FROM product WHERE id=:u_id AND delete_flg=0
)

[24-Mar-2019 03:42:41 UTC] デバッグ：取得してきた商品データ:0
[24-Mar-2019 03:43:05 UTC] デバッグ：「「「「「「「「「「「「「「「「「「「「「「「「「「「「「「「「「「「
[24-Mar-2019 03:43:05 UTC] デバッグ：トップページ
[24-Mar-2019 03:43:05 UTC] デバッグ：「「「「「「「「「「「「「「「「「「「「「「「「「「「「「「「「「「「
[24-Mar-2019 03:43:05 UTC] デバッグ：すでにログインしているユーザーです
[24-Mar-2019 03:43:05 UTC] デバッグ：セッションの中身：Array
(
    [login_limit] => 2592000
    [user_id] => 6
    [login_date] => 1553392524
    [msg_success] => 
)

[24-Mar-2019 03:43:05 UTC] デバッグ：ログイン有効期限内です
[24-Mar-2019 03:43:11 UTC] デバッグ：『『『『『『『『『『『『『『『『『『『『『『『『『『『『『『『『『『『『『
[24-Mar-2019 03:43:11 UTC] デバッグ：アカウント登録ページ
[24-Mar-2019 03:43:11 UTC] デバッグ：『『『『『『『『『『『『『『『『『『『『『『『『『『『『『『『『『『『『『
[24-Mar-2019 03:43:11 UTC] デバッグ：>>>>>>>>>>>>>>>>>>>>>>>>>>>>>>>>>>>>>>>>>>>>>> 画面表示処理開始(fun)
[24-Mar-2019 03:43:11 UTC] デバッグ：セッションID:paaa8atpoj3lpssc1isafut03d
[24-Mar-2019 03:43:11 UTC] デバッグ：セッション変数の中身:Array
(
    [login_limit] => 2592000
    [user_id] => 6
    [login_date] => 1553392524
    [msg_success] => 
)

[24-Mar-2019 03:43:11 UTC] デバッグ：現在日時タイムスタンプ:1553398991
[24-Mar-2019 03:43:11 UTC] デバッグ：ログイン期限日時タイムスタンプ:1555984524
[24-Mar-2019 03:43:11 UTC] デバッグ：すでにログインしているユーザーです
[24-Mar-2019 03:43:11 UTC] デバッグ：セッションの中身：Array
(
    [login_limit] => 2592000
    [user_id] => 6
    [login_date] => 1553392524
    [msg_success] => 
)

[24-Mar-2019 03:43:11 UTC] デバッグ：ログイン有効期限内です
[24-Mar-2019 03:43:11 UTC] デバッグ：ユーザー情報を取得します
[24-Mar-2019 03:43:11 UTC] デバッグ：クエリ実行準備は完了しています
[24-Mar-2019 03:43:11 UTC] デバッグ：クエリに成功しました
[24-Mar-2019 03:43:11 UTC] デバッグ：成功したSQL:PDOStatement Object
(
    [queryString] => SELECT * FROM users WHERE id=:u_id AND delete_flg=0
)

[24-Mar-2019 03:43:11 UTC] デバッグ：取得したユーザーデータ：Array
(
    [id] => 6
    [username] => みちたかああああ
    [email] => unkotaro@gmail.com
    [tel] => 09030593821
    [addr] => 大阪府札幌市目黒区西日暮里4丁目43
    [age] => 22
    [password] => $2y$10$/Dr3l6YEX18Dmeo5xReGNOiyw.nDsHA0N8ZytzWgtJJli8G3jD1Qa
    [login_time] => 2019-03-23 12:54:49
    [pic] => uploads/1c9e4613fc11b0b0ecd76f46f6410d164b2ac535.jpeg
    [delete_flg] => 0
    [create_date] => 2019-03-23 12:54:49
    [update_date] => 2019-03-23 21:54:49
)

[24-Mar-2019 03:43:11 UTC] デバッグ：>>>>>>>>>>>>>>>>>>>>>>>>>>>>>>>>>>>>>>>>>>>>>>>>>>>>>> 画面表示処理終了
[24-Mar-2019 03:43:14 UTC] デバッグ：「「「「「「「「「「「「「「「「「「「「「「「「「「「「「「「「「「「
[24-Mar-2019 03:43:14 UTC] デバッグ：トップページ
[24-Mar-2019 03:43:14 UTC] デバッグ：「「「「「「「「「「「「「「「「「「「「「「「「「「「「「「「「「「「
[24-Mar-2019 03:43:14 UTC] デバッグ：すでにログインしているユーザーです
[24-Mar-2019 03:43:14 UTC] デバッグ：セッションの中身：Array
(
    [login_limit] => 2592000
    [user_id] => 6
    [login_date] => 1553392524
    [msg_success] => 
)

[24-Mar-2019 03:43:14 UTC] デバッグ：ログイン有効期限内です
[24-Mar-2019 03:43:16 UTC] デバッグ：『『『『『『『『『『『『『『『『『『『『『『『『『『『『『『『『『『『『『
[24-Mar-2019 03:43:16 UTC] デバッグ：パスワード変更ページ
[24-Mar-2019 03:43:16 UTC] デバッグ：『『『『『『『『『『『『『『『『『『『『『『『『『『『『『『『『『『『『『
[24-Mar-2019 03:43:16 UTC] デバッグ：>>>>>>>>>>>>>>>>>>>>>>>>>>>>>>>>>>>>>>>>>>>>>> 画面表示処理開始(fun)
[24-Mar-2019 03:43:16 UTC] デバッグ：セッションID:0cqnth0bnq1eidl0b3pc1lfsq6
[24-Mar-2019 03:43:16 UTC] デバッグ：セッション変数の中身:Array
(
    [login_limit] => 2592000
    [user_id] => 6
    [login_date] => 1553392524
    [msg_success] => 
)

[24-Mar-2019 03:43:16 UTC] デバッグ：現在日時タイムスタンプ:1553398996
[24-Mar-2019 03:43:16 UTC] デバッグ：ログイン期限日時タイムスタンプ:1555984524
[24-Mar-2019 03:43:16 UTC] デバッグ：すでにログインしているユーザーです
[24-Mar-2019 03:43:16 UTC] デバッグ：セッションの中身：Array
(
    [login_limit] => 2592000
    [user_id] => 6
    [login_date] => 1553392524
    [msg_success] => 
)

[24-Mar-2019 03:43:16 UTC] デバッグ：ログイン有効期限内です
[24-Mar-2019 03:43:16 UTC] デバッグ：ユーザー情報を取得します
[24-Mar-2019 03:43:16 UTC] デバッグ：クエリ実行準備は完了しています
[24-Mar-2019 03:43:16 UTC] デバッグ：クエリに成功しました
[24-Mar-2019 03:43:16 UTC] デバッグ：成功したSQL:PDOStatement Object
(
    [queryString] => SELECT * FROM users WHERE id=:u_id AND delete_flg=0
)

[24-Mar-2019 03:43:16 UTC] デバッグ：取得したユーザ情報：Array
(
    [id] => 6
    [username] => みちたかああああ
    [email] => unkotaro@gmail.com
    [tel] => 09030593821
    [addr] => 大阪府札幌市目黒区西日暮里4丁目43
    [age] => 22
    [password] => $2y$10$/Dr3l6YEX18Dmeo5xReGNOiyw.nDsHA0N8ZytzWgtJJli8G3jD1Qa
    [login_time] => 2019-03-23 12:54:49
    [pic] => uploads/1c9e4613fc11b0b0ecd76f46f6410d164b2ac535.jpeg
    [delete_flg] => 0
    [create_date] => 2019-03-23 12:54:49
    [update_date] => 2019-03-23 21:54:49
)

[24-Mar-2019 03:43:16 UTC] デバッグ：>>>>>>>>>>>>>>>>>>>>>>>>>>>>>>>>>>>>>>>>>>>>>>>>>>> 画面表示処理終了
[24-Mar-2019 03:43:18 UTC] デバッグ：「「「「「「「「「「「「「「「「「「「「「「「「「「「「「「「「「「「
[24-Mar-2019 03:43:18 UTC] デバッグ：トップページ
[24-Mar-2019 03:43:18 UTC] デバッグ：「「「「「「「「「「「「「「「「「「「「「「「「「「「「「「「「「「「
[24-Mar-2019 03:43:18 UTC] デバッグ：すでにログインしているユーザーです
[24-Mar-2019 03:43:18 UTC] デバッグ：セッションの中身：Array
(
    [login_limit] => 2592000
    [user_id] => 6
    [login_date] => 1553392524
    [msg_success] => 
)

[24-Mar-2019 03:43:18 UTC] デバッグ：ログイン有効期限内です
[24-Mar-2019 03:43:21 UTC] デバッグ：「「「「「「「「「「「「「「「「「「「「「「「「「「「「「「「「「「「
[24-Mar-2019 03:43:21 UTC] デバッグ：トップページ
[24-Mar-2019 03:43:21 UTC] デバッグ：「「「「「「「「「「「「「「「「「「「「「「「「「「「「「「「「「「「
[24-Mar-2019 03:43:21 UTC] デバッグ：すでにログインしているユーザーです
[24-Mar-2019 03:43:21 UTC] デバッグ：セッションの中身：Array
(
    [login_limit] => 2592000
    [user_id] => 6
    [login_date] => 1553392524
    [msg_success] => 
)

[24-Mar-2019 03:43:21 UTC] デバッグ：ログイン有効期限内です
[24-Mar-2019 05:16:13 UTC] デバッグ：『『『『『『『『『『『『『『『『『『『『『『『『『『『『『『『『『『『『『
[24-Mar-2019 05:16:13 UTC] デバッグ：記事投稿・編集ページ
[24-Mar-2019 05:16:13 UTC] デバッグ：『『『『『『『『『『『『『『『『『『『『『『『『『『『『『『『『『『『『『
[24-Mar-2019 05:16:13 UTC] デバッグ：>>>>>>>>>>>>>>>>>>>>>>>>>>>>>>>>>>>>>>>>>>>>>> 画面表示処理開始(fun)
[24-Mar-2019 05:16:13 UTC] デバッグ：セッションID:1k8bi485rg15mug0kr66q37lik
[24-Mar-2019 05:16:13 UTC] デバッグ：セッション変数の中身:Array
(
    [login_limit] => 2592000
    [user_id] => 6
    [login_date] => 1553392524
    [msg_success] => 
)

[24-Mar-2019 05:16:13 UTC] デバッグ：現在日時タイムスタンプ:1553404573
[24-Mar-2019 05:16:13 UTC] デバッグ：ログイン期限日時タイムスタンプ:1555984524
[24-Mar-2019 05:16:13 UTC] デバッグ：すでにログインしているユーザーです
[24-Mar-2019 05:16:13 UTC] デバッグ：セッションの中身：Array
(
    [login_limit] => 2592000
    [user_id] => 6
    [login_date] => 1553392524
    [msg_success] => 
)

[24-Mar-2019 05:16:13 UTC] デバッグ：ログイン有効期限内です
[24-Mar-2019 05:16:13 UTC] デバッグ：商品登録・編集のために商品情報を取得します
[24-Mar-2019 05:16:13 UTC] デバッグ：クエリ実行準備は完了しています
[24-Mar-2019 05:16:13 UTC] デバッグ：クエリに成功しました
[24-Mar-2019 05:16:13 UTC] デバッグ：成功したSQL:PDOStatement Object
(
    [queryString] => SELECT * FROM product WHERE id=:u_id AND delete_flg=0
)

[24-Mar-2019 05:16:13 UTC] デバッグ：取得してきた商品データ:0
[24-Mar-2019 05:16:13 UTC] デバッグ：>>>>>>>>>>>>>>>>>>>>>>>>>>>>>>>>>>>>>>>>>>>>>>>>>>　画面表示処理終了
[24-Mar-2019 05:38:49 UTC] デバッグ：『『『『『『『『『『『『『『『『『『『『『『『『『『『『『『『『『『『『『
[24-Mar-2019 05:38:49 UTC] デバッグ：記事投稿・編集ページ
[24-Mar-2019 05:38:49 UTC] デバッグ：『『『『『『『『『『『『『『『『『『『『『『『『『『『『『『『『『『『『『
[24-Mar-2019 05:38:49 UTC] デバッグ：>>>>>>>>>>>>>>>>>>>>>>>>>>>>>>>>>>>>>>>>>>>>>> 画面表示処理開始(fun)
[24-Mar-2019 05:38:49 UTC] デバッグ：セッションID:9bofmml8hcs4g4getpr60iapqn
[24-Mar-2019 05:38:49 UTC] デバッグ：セッション変数の中身:Array
(
    [login_limit] => 2592000
    [user_id] => 6
    [login_date] => 1553392524
    [msg_success] => 
)

[24-Mar-2019 05:38:49 UTC] デバッグ：現在日時タイムスタンプ:1553405929
[24-Mar-2019 05:38:49 UTC] デバッグ：ログイン期限日時タイムスタンプ:1555984524
[24-Mar-2019 05:38:49 UTC] デバッグ：すでにログインしているユーザーです
[24-Mar-2019 05:38:49 UTC] デバッグ：セッションの中身：Array
(
    [login_limit] => 2592000
    [user_id] => 6
    [login_date] => 1553392524
    [msg_success] => 
)

[24-Mar-2019 05:38:49 UTC] デバッグ：ログイン有効期限内です
[24-Mar-2019 05:38:49 UTC] デバッグ：商品登録・編集のために商品情報を取得します
[24-Mar-2019 05:38:49 UTC] デバッグ：クエリ実行準備は完了しています
[24-Mar-2019 05:38:49 UTC] デバッグ：クエリに成功しました
[24-Mar-2019 05:38:49 UTC] デバッグ：成功したSQL:PDOStatement Object
(
    [queryString] => SELECT * FROM product WHERE id=:u_id AND delete_flg=0
)

[24-Mar-2019 05:38:49 UTC] デバッグ：取得してきた商品データ:0
[24-Mar-2019 05:38:49 UTC] デバッグ：カテゴリ情報を取得します
[24-Mar-2019 05:38:49 UTC] デバッグ：クエリ実行準備は完了しています
[24-Mar-2019 05:38:49 UTC] デバッグ：クエリに成功しました
[24-Mar-2019 05:38:49 UTC] デバッグ：成功したSQL:PDOStatement Object
(
    [queryString] => SELECT * FROM category WHERE id=:u_id AND delete_flg=0
)

[24-Mar-2019 05:38:49 UTC] デバッグ：カテゴリ情報のフェッチに成功しました
[24-Mar-2019 05:38:49 UTC] デバッグ：取得してきたカテゴリデータ:
[24-Mar-2019 05:38:49 UTC] デバッグ：>>>>>>>>>>>>>>>>>>>>>>>>>>>>>>>>>>>>>>>>>>>>>>>>>>　画面表示処理終了
[24-Mar-2019 05:39:38 UTC] デバッグ：『『『『『『『『『『『『『『『『『『『『『『『『『『『『『『『『『『『『『
[24-Mar-2019 05:39:38 UTC] デバッグ：アカウント登録ページ
[24-Mar-2019 05:39:38 UTC] デバッグ：『『『『『『『『『『『『『『『『『『『『『『『『『『『『『『『『『『『『『
[24-Mar-2019 05:39:38 UTC] デバッグ：>>>>>>>>>>>>>>>>>>>>>>>>>>>>>>>>>>>>>>>>>>>>>> 画面表示処理開始(fun)
[24-Mar-2019 05:39:38 UTC] デバッグ：セッションID:v29reda8mqchd3v7fav4vs9abf
[24-Mar-2019 05:39:38 UTC] デバッグ：セッション変数の中身:Array
(
    [login_limit] => 2592000
    [user_id] => 6
    [login_date] => 1553392524
    [msg_success] => 
)

[24-Mar-2019 05:39:38 UTC] デバッグ：現在日時タイムスタンプ:1553405978
[24-Mar-2019 05:39:38 UTC] デバッグ：ログイン期限日時タイムスタンプ:1555984524
[24-Mar-2019 05:39:38 UTC] デバッグ：すでにログインしているユーザーです
[24-Mar-2019 05:39:38 UTC] デバッグ：セッションの中身：Array
(
    [login_limit] => 2592000
    [user_id] => 6
    [login_date] => 1553392524
    [msg_success] => 
)

[24-Mar-2019 05:39:38 UTC] デバッグ：ログイン有効期限内です
[24-Mar-2019 05:39:38 UTC] デバッグ：ユーザー情報を取得します
[24-Mar-2019 05:39:38 UTC] デバッグ：クエリ実行準備は完了しています
[24-Mar-2019 05:39:38 UTC] デバッグ：クエリに成功しました
[24-Mar-2019 05:39:38 UTC] デバッグ：成功したSQL:PDOStatement Object
(
    [queryString] => SELECT * FROM users WHERE id=:u_id AND delete_flg=0
)

[24-Mar-2019 05:39:38 UTC] デバッグ：取得したユーザーデータ：Array
(
    [id] => 6
    [username] => みちたかああああ
    [email] => unkotaro@gmail.com
    [tel] => 09030593821
    [addr] => 大阪府札幌市目黒区西日暮里4丁目43
    [age] => 22
    [password] => $2y$10$/Dr3l6YEX18Dmeo5xReGNOiyw.nDsHA0N8ZytzWgtJJli8G3jD1Qa
    [login_time] => 2019-03-23 12:54:49
    [pic] => uploads/1c9e4613fc11b0b0ecd76f46f6410d164b2ac535.jpeg
    [delete_flg] => 0
    [create_date] => 2019-03-23 12:54:49
    [update_date] => 2019-03-23 21:54:49
)

[24-Mar-2019 05:39:38 UTC] デバッグ：>>>>>>>>>>>>>>>>>>>>>>>>>>>>>>>>>>>>>>>>>>>>>>>>>>>>>> 画面表示処理終了
[24-Mar-2019 05:45:51 UTC] デバッグ：『『『『『『『『『『『『『『『『『『『『『『『『『『『『『『『『『『『『『
[24-Mar-2019 05:45:51 UTC] デバッグ：記事投稿・編集ページ
[24-Mar-2019 05:45:51 UTC] デバッグ：『『『『『『『『『『『『『『『『『『『『『『『『『『『『『『『『『『『『『
[24-Mar-2019 05:45:51 UTC] デバッグ：>>>>>>>>>>>>>>>>>>>>>>>>>>>>>>>>>>>>>>>>>>>>>> 画面表示処理開始(fun)
[24-Mar-2019 05:45:51 UTC] デバッグ：セッションID:d1vlo3tqf6kg78fknhdm6t542a
[24-Mar-2019 05:45:51 UTC] デバッグ：セッション変数の中身:Array
(
    [login_limit] => 2592000
    [user_id] => 6
    [login_date] => 1553392524
    [msg_success] => 
)

[24-Mar-2019 05:45:51 UTC] デバッグ：現在日時タイムスタンプ:1553406351
[24-Mar-2019 05:45:51 UTC] デバッグ：ログイン期限日時タイムスタンプ:1555984524
[24-Mar-2019 05:45:51 UTC] デバッグ：すでにログインしているユーザーです
[24-Mar-2019 05:45:51 UTC] デバッグ：セッションの中身：Array
(
    [login_limit] => 2592000
    [user_id] => 6
    [login_date] => 1553392524
    [msg_success] => 
)

[24-Mar-2019 05:45:51 UTC] デバッグ：ログイン有効期限内です
[24-Mar-2019 05:45:51 UTC] デバッグ：商品登録・編集のために商品情報を取得します
[24-Mar-2019 05:45:51 UTC] デバッグ：クエリ実行準備は完了しています
[24-Mar-2019 05:45:51 UTC] デバッグ：クエリに成功しました
[24-Mar-2019 05:45:51 UTC] デバッグ：成功したSQL:PDOStatement Object
(
    [queryString] => SELECT * FROM product WHERE id=:u_id AND delete_flg=0
)

[24-Mar-2019 05:45:51 UTC] デバッグ：取得してきた商品データ:0
[24-Mar-2019 05:45:51 UTC] デバッグ：カテゴリ情報を取得します
[24-Mar-2019 05:45:51 UTC] デバッグ：クエリ実行準備は完了しています
[24-Mar-2019 05:45:51 UTC] デバッグ：クエリに成功しました
[24-Mar-2019 05:45:51 UTC] デバッグ：成功したSQL:PDOStatement Object
(
    [queryString] => SELECT * FROM category WHERE id=:u_id AND delete_flg=0
)

[24-Mar-2019 05:45:51 UTC] デバッグ：カテゴリ情報のフェッチに成功しました
[24-Mar-2019 05:45:51 UTC] デバッグ：取得してきたカテゴリデータ:
[24-Mar-2019 05:45:51 UTC] デバッグ：>>>>>>>>>>>>>>>>>>>>>>>>>>>>>>>>>>>>>>>>>>>>>>>>>>　画面表示処理終了
[24-Mar-2019 05:50:35 UTC] デバッグ：『『『『『『『『『『『『『『『『『『『『『『『『『『『『『『『『『『『『『
[24-Mar-2019 05:50:35 UTC] デバッグ：記事投稿・編集ページ
[24-Mar-2019 05:50:35 UTC] デバッグ：『『『『『『『『『『『『『『『『『『『『『『『『『『『『『『『『『『『『『
[24-Mar-2019 05:50:35 UTC] デバッグ：>>>>>>>>>>>>>>>>>>>>>>>>>>>>>>>>>>>>>>>>>>>>>> 画面表示処理開始(fun)
[24-Mar-2019 05:50:35 UTC] デバッグ：セッションID:hsakf48n7tsejr2305s905icd6
[24-Mar-2019 05:50:35 UTC] デバッグ：セッション変数の中身:Array
(
    [login_limit] => 2592000
    [user_id] => 6
    [login_date] => 1553392524
    [msg_success] => 
)

[24-Mar-2019 05:50:35 UTC] デバッグ：現在日時タイムスタンプ:1553406635
[24-Mar-2019 05:50:35 UTC] デバッグ：ログイン期限日時タイムスタンプ:1555984524
[24-Mar-2019 05:50:35 UTC] デバッグ：すでにログインしているユーザーです
[24-Mar-2019 05:50:35 UTC] デバッグ：セッションの中身：Array
(
    [login_limit] => 2592000
    [user_id] => 6
    [login_date] => 1553392524
    [msg_success] => 
)

[24-Mar-2019 05:50:35 UTC] デバッグ：ログイン有効期限内です
[24-Mar-2019 05:50:35 UTC] デバッグ：商品登録・編集のために商品情報を取得します
[24-Mar-2019 05:50:35 UTC] デバッグ：クエリ実行準備は完了しています
[24-Mar-2019 05:50:35 UTC] デバッグ：クエリに成功しました
[24-Mar-2019 05:50:35 UTC] デバッグ：成功したSQL:PDOStatement Object
(
    [queryString] => SELECT * FROM product WHERE id=:u_id AND delete_flg=0
)

[24-Mar-2019 05:50:35 UTC] デバッグ：取得してきた商品データ:0
[24-Mar-2019 05:50:35 UTC] デバッグ：カテゴリ情報を取得します
[24-Mar-2019 05:50:35 UTC] デバッグ：クエリ実行準備は完了しています
[24-Mar-2019 05:50:35 UTC] デバッグ：クエリに成功しました
[24-Mar-2019 05:50:35 UTC] デバッグ：成功したSQL:PDOStatement Object
(
    [queryString] => SELECT * FROM category WHERE id=:u_id AND delete_flg=0
)

[24-Mar-2019 05:50:35 UTC] デバッグ：カテゴリ情報のフェッチに成功しました
[24-Mar-2019 05:50:35 UTC] デバッグ：取得してきたカテゴリデータ:
[24-Mar-2019 05:50:35 UTC] デバッグ：>>>>>>>>>>>>>>>>>>>>>>>>>>>>>>>>>>>>>>>>>>>>>>>>>>　画面表示処理終了
[24-Mar-2019 05:51:44 UTC] デバッグ：『『『『『『『『『『『『『『『『『『『『『『『『『『『『『『『『『『『『『
[24-Mar-2019 05:51:44 UTC] デバッグ：記事投稿・編集ページ
[24-Mar-2019 05:51:44 UTC] デバッグ：『『『『『『『『『『『『『『『『『『『『『『『『『『『『『『『『『『『『『
[24-Mar-2019 05:51:44 UTC] デバッグ：>>>>>>>>>>>>>>>>>>>>>>>>>>>>>>>>>>>>>>>>>>>>>> 画面表示処理開始(fun)
[24-Mar-2019 05:51:44 UTC] デバッグ：セッションID:iesf9kt8mn8901ptv62d66pa9p
[24-Mar-2019 05:51:44 UTC] デバッグ：セッション変数の中身:Array
(
    [login_limit] => 2592000
    [user_id] => 6
    [login_date] => 1553392524
    [msg_success] => 
)

[24-Mar-2019 05:51:44 UTC] デバッグ：現在日時タイムスタンプ:1553406704
[24-Mar-2019 05:51:44 UTC] デバッグ：ログイン期限日時タイムスタンプ:1555984524
[24-Mar-2019 05:51:44 UTC] デバッグ：すでにログインしているユーザーです
[24-Mar-2019 05:51:44 UTC] デバッグ：セッションの中身：Array
(
    [login_limit] => 2592000
    [user_id] => 6
    [login_date] => 1553392524
    [msg_success] => 
)

[24-Mar-2019 05:51:44 UTC] デバッグ：ログイン有効期限内です
[24-Mar-2019 05:51:44 UTC] デバッグ：商品登録・編集のために商品情報を取得します
[24-Mar-2019 05:51:44 UTC] デバッグ：クエリ実行準備は完了しています
[24-Mar-2019 05:51:44 UTC] デバッグ：クエリに成功しました
[24-Mar-2019 05:51:44 UTC] デバッグ：成功したSQL:PDOStatement Object
(
    [queryString] => SELECT * FROM product WHERE id=:u_id AND delete_flg=0
)

[24-Mar-2019 05:51:44 UTC] デバッグ：取得してきた商品データ:0
[24-Mar-2019 05:51:44 UTC] デバッグ：カテゴリ情報を取得します
[24-Mar-2019 05:51:44 UTC] デバッグ：クエリ実行準備は完了しています
[24-Mar-2019 05:51:44 UTC] デバッグ：クエリに成功しました
[24-Mar-2019 05:51:44 UTC] デバッグ：成功したSQL:PDOStatement Object
(
    [queryString] => SELECT * FROM category WHERE id=:u_id AND delete_flg=0
)

[24-Mar-2019 05:51:44 UTC] PHP Fatal error:  Uncaught Error: Call to undefined function fetch() in /Applications/MAMP/htdocs/webサービス部/webサービス/function.php:290
Stack trace:
#0 /Applications/MAMP/htdocs/webサービス部/webサービス/registProduct.php(18): getCategory('6')
#1 {main}
  thrown in /Applications/MAMP/htdocs/webサービス部/webサービス/function.php on line 290
[24-Mar-2019 05:52:12 UTC] デバッグ：『『『『『『『『『『『『『『『『『『『『『『『『『『『『『『『『『『『『『
[24-Mar-2019 05:52:12 UTC] デバッグ：記事投稿・編集ページ
[24-Mar-2019 05:52:12 UTC] デバッグ：『『『『『『『『『『『『『『『『『『『『『『『『『『『『『『『『『『『『『
[24-Mar-2019 05:52:12 UTC] デバッグ：>>>>>>>>>>>>>>>>>>>>>>>>>>>>>>>>>>>>>>>>>>>>>> 画面表示処理開始(fun)
[24-Mar-2019 05:52:12 UTC] デバッグ：セッションID:d79oduiv8tbkesh9g59eadjdje
[24-Mar-2019 05:52:12 UTC] デバッグ：セッション変数の中身:Array
(
    [login_limit] => 2592000
    [user_id] => 6
    [login_date] => 1553392524
    [msg_success] => 
)

[24-Mar-2019 05:52:12 UTC] デバッグ：現在日時タイムスタンプ:1553406732
[24-Mar-2019 05:52:12 UTC] デバッグ：ログイン期限日時タイムスタンプ:1555984524
[24-Mar-2019 05:52:12 UTC] デバッグ：すでにログインしているユーザーです
[24-Mar-2019 05:52:12 UTC] デバッグ：セッションの中身：Array
(
    [login_limit] => 2592000
    [user_id] => 6
    [login_date] => 1553392524
    [msg_success] => 
)

[24-Mar-2019 05:52:12 UTC] デバッグ：ログイン有効期限内です
[24-Mar-2019 05:52:12 UTC] デバッグ：商品登録・編集のために商品情報を取得します
[24-Mar-2019 05:52:12 UTC] デバッグ：クエリ実行準備は完了しています
[24-Mar-2019 05:52:12 UTC] デバッグ：クエリに成功しました
[24-Mar-2019 05:52:12 UTC] デバッグ：成功したSQL:PDOStatement Object
(
    [queryString] => SELECT * FROM product WHERE id=:u_id AND delete_flg=0
)

[24-Mar-2019 05:52:12 UTC] デバッグ：取得してきた商品データ:0
[24-Mar-2019 05:52:12 UTC] デバッグ：カテゴリ情報を取得します
[24-Mar-2019 05:52:12 UTC] デバッグ：クエリ実行準備は完了しています
[24-Mar-2019 05:52:12 UTC] デバッグ：クエリに成功しました
[24-Mar-2019 05:52:12 UTC] デバッグ：成功したSQL:PDOStatement Object
(
    [queryString] => SELECT * FROM category WHERE id=:u_id AND delete_flg=0
)

[24-Mar-2019 05:52:12 UTC] デバッグ：取得してきたカテゴリデータ:
[24-Mar-2019 05:52:12 UTC] デバッグ：>>>>>>>>>>>>>>>>>>>>>>>>>>>>>>>>>>>>>>>>>>>>>>>>>>　画面表示処理終了
[24-Mar-2019 05:53:11 UTC] デバッグ：『『『『『『『『『『『『『『『『『『『『『『『『『『『『『『『『『『『『『
[24-Mar-2019 05:53:11 UTC] デバッグ：記事投稿・編集ページ
[24-Mar-2019 05:53:11 UTC] デバッグ：『『『『『『『『『『『『『『『『『『『『『『『『『『『『『『『『『『『『『
[24-Mar-2019 05:53:11 UTC] デバッグ：>>>>>>>>>>>>>>>>>>>>>>>>>>>>>>>>>>>>>>>>>>>>>> 画面表示処理開始(fun)
[24-Mar-2019 05:53:11 UTC] デバッグ：セッションID:b2upaf5bjg6aa9do9jploqtoda
[24-Mar-2019 05:53:11 UTC] デバッグ：セッション変数の中身:Array
(
    [login_limit] => 2592000
    [user_id] => 6
    [login_date] => 1553392524
    [msg_success] => 
)

[24-Mar-2019 05:53:11 UTC] デバッグ：現在日時タイムスタンプ:1553406791
[24-Mar-2019 05:53:11 UTC] デバッグ：ログイン期限日時タイムスタンプ:1555984524
[24-Mar-2019 05:53:11 UTC] デバッグ：すでにログインしているユーザーです
[24-Mar-2019 05:53:11 UTC] デバッグ：セッションの中身：Array
(
    [login_limit] => 2592000
    [user_id] => 6
    [login_date] => 1553392524
    [msg_success] => 
)

[24-Mar-2019 05:53:11 UTC] デバッグ：ログイン有効期限内です
[24-Mar-2019 05:53:11 UTC] デバッグ：商品登録・編集のために商品情報を取得します
[24-Mar-2019 05:53:11 UTC] デバッグ：クエリ実行準備は完了しています
[24-Mar-2019 05:53:11 UTC] デバッグ：クエリに成功しました
[24-Mar-2019 05:53:11 UTC] デバッグ：成功したSQL:PDOStatement Object
(
    [queryString] => SELECT * FROM product WHERE id=:u_id AND delete_flg=0
)

[24-Mar-2019 05:53:11 UTC] デバッグ：取得してきた商品データ:0
[24-Mar-2019 05:53:11 UTC] デバッグ：カテゴリ情報を取得します
[24-Mar-2019 05:53:11 UTC] デバッグ：クエリ実行準備は完了しています
[24-Mar-2019 05:53:11 UTC] デバッグ：クエリに成功しました
[24-Mar-2019 05:53:11 UTC] デバッグ：成功したSQL:PDOStatement Object
(
    [queryString] => SELECT * FROM category WHERE id=:u_id AND delete_flg=0
)

[24-Mar-2019 05:53:11 UTC] デバッグ：取得してきたカテゴリデータ:
[24-Mar-2019 05:53:11 UTC] デバッグ：>>>>>>>>>>>>>>>>>>>>>>>>>>>>>>>>>>>>>>>>>>>>>>>>>>　画面表示処理終了
[24-Mar-2019 05:55:31 UTC] デバッグ：『『『『『『『『『『『『『『『『『『『『『『『『『『『『『『『『『『『『『
[24-Mar-2019 05:55:31 UTC] デバッグ：記事投稿・編集ページ
[24-Mar-2019 05:55:31 UTC] デバッグ：『『『『『『『『『『『『『『『『『『『『『『『『『『『『『『『『『『『『『
[24-Mar-2019 05:55:31 UTC] デバッグ：>>>>>>>>>>>>>>>>>>>>>>>>>>>>>>>>>>>>>>>>>>>>>> 画面表示処理開始(fun)
[24-Mar-2019 05:55:31 UTC] デバッグ：セッションID:t7bkqja5jmv54h37trpijersji
[24-Mar-2019 05:55:31 UTC] デバッグ：セッション変数の中身:Array
(
    [login_limit] => 2592000
    [user_id] => 6
    [login_date] => 1553392524
    [msg_success] => 
)

[24-Mar-2019 05:55:31 UTC] デバッグ：現在日時タイムスタンプ:1553406931
[24-Mar-2019 05:55:31 UTC] デバッグ：ログイン期限日時タイムスタンプ:1555984524
[24-Mar-2019 05:55:31 UTC] デバッグ：すでにログインしているユーザーです
[24-Mar-2019 05:55:31 UTC] デバッグ：セッションの中身：Array
(
    [login_limit] => 2592000
    [user_id] => 6
    [login_date] => 1553392524
    [msg_success] => 
)

[24-Mar-2019 05:55:31 UTC] デバッグ：ログイン有効期限内です
[24-Mar-2019 05:55:31 UTC] デバッグ：商品登録・編集のために商品情報を取得します
[24-Mar-2019 05:55:31 UTC] デバッグ：クエリ実行準備は完了しています
[24-Mar-2019 05:55:31 UTC] デバッグ：クエリに成功しました
[24-Mar-2019 05:55:31 UTC] デバッグ：成功したSQL:PDOStatement Object
(
    [queryString] => SELECT * FROM product WHERE id=:u_id AND delete_flg=0
)

[24-Mar-2019 05:55:31 UTC] デバッグ：取得してきた商品データ:0
[24-Mar-2019 05:55:31 UTC] デバッグ：カテゴリ情報を取得します
[24-Mar-2019 05:55:31 UTC] デバッグ：クエリ実行準備は完了しています
[24-Mar-2019 05:55:31 UTC] デバッグ：クエリに成功しました
[24-Mar-2019 05:55:31 UTC] デバッグ：成功したSQL:PDOStatement Object
(
    [queryString] => SELECT * FROM category WHERE id=:u_id AND delete_flg=0
)

[24-Mar-2019 05:55:31 UTC] デバッグ：取得してきたカテゴリデータ:
[24-Mar-2019 05:55:31 UTC] デバッグ：>>>>>>>>>>>>>>>>>>>>>>>>>>>>>>>>>>>>>>>>>>>>>>>>>>　画面表示処理終了
[24-Mar-2019 05:57:42 UTC] デバッグ：『『『『『『『『『『『『『『『『『『『『『『『『『『『『『『『『『『『『『
[24-Mar-2019 05:57:42 UTC] デバッグ：記事投稿・編集ページ
[24-Mar-2019 05:57:42 UTC] デバッグ：『『『『『『『『『『『『『『『『『『『『『『『『『『『『『『『『『『『『『
[24-Mar-2019 05:57:42 UTC] デバッグ：>>>>>>>>>>>>>>>>>>>>>>>>>>>>>>>>>>>>>>>>>>>>>> 画面表示処理開始(fun)
[24-Mar-2019 05:57:42 UTC] デバッグ：セッションID:vch3gvochare8s6j5q4f7k7arl
[24-Mar-2019 05:57:42 UTC] デバッグ：セッション変数の中身:Array
(
    [login_limit] => 2592000
    [user_id] => 6
    [login_date] => 1553392524
    [msg_success] => 
)

[24-Mar-2019 05:57:42 UTC] デバッグ：現在日時タイムスタンプ:1553407062
[24-Mar-2019 05:57:42 UTC] デバッグ：ログイン期限日時タイムスタンプ:1555984524
[24-Mar-2019 05:57:42 UTC] デバッグ：すでにログインしているユーザーです
[24-Mar-2019 05:57:42 UTC] デバッグ：セッションの中身：Array
(
    [login_limit] => 2592000
    [user_id] => 6
    [login_date] => 1553392524
    [msg_success] => 
)

[24-Mar-2019 05:57:42 UTC] デバッグ：ログイン有効期限内です
[24-Mar-2019 05:57:42 UTC] デバッグ：商品登録・編集のために商品情報を取得します
[24-Mar-2019 05:57:42 UTC] デバッグ：クエリ実行準備は完了しています
[24-Mar-2019 05:57:42 UTC] デバッグ：クエリに成功しました
[24-Mar-2019 05:57:42 UTC] デバッグ：成功したSQL:PDOStatement Object
(
    [queryString] => SELECT * FROM product WHERE id=:u_id AND delete_flg=0
)

[24-Mar-2019 05:57:42 UTC] デバッグ：取得してきた商品データ:0
[24-Mar-2019 05:57:42 UTC] デバッグ：カテゴリ情報を取得します
[24-Mar-2019 05:57:42 UTC] デバッグ：クエリ実行準備は完了しています
[24-Mar-2019 05:57:42 UTC] デバッグ：クエリに成功しました
[24-Mar-2019 05:57:42 UTC] デバッグ：成功したSQL:PDOStatement Object
(
    [queryString] => SELECT * FROM category WHERE id=:u_id AND delete_flg=0
)

[24-Mar-2019 05:57:42 UTC] デバッグ：aa
[24-Mar-2019 05:57:42 UTC] デバッグ：取得してきたカテゴリデータ:
[24-Mar-2019 05:57:42 UTC] デバッグ：>>>>>>>>>>>>>>>>>>>>>>>>>>>>>>>>>>>>>>>>>>>>>>>>>>　画面表示処理終了
[24-Mar-2019 06:00:41 UTC] デバッグ：『『『『『『『『『『『『『『『『『『『『『『『『『『『『『『『『『『『『『
[24-Mar-2019 06:00:41 UTC] デバッグ：記事投稿・編集ページ
[24-Mar-2019 06:00:41 UTC] デバッグ：『『『『『『『『『『『『『『『『『『『『『『『『『『『『『『『『『『『『『
[24-Mar-2019 06:00:41 UTC] デバッグ：>>>>>>>>>>>>>>>>>>>>>>>>>>>>>>>>>>>>>>>>>>>>>> 画面表示処理開始(fun)
[24-Mar-2019 06:00:41 UTC] デバッグ：セッションID:o7gcem7ne0k8p1r0qn1si7n249
[24-Mar-2019 06:00:41 UTC] デバッグ：セッション変数の中身:Array
(
    [login_limit] => 2592000
    [user_id] => 6
    [login_date] => 1553392524
    [msg_success] => 
)

[24-Mar-2019 06:00:41 UTC] デバッグ：現在日時タイムスタンプ:1553407241
[24-Mar-2019 06:00:41 UTC] デバッグ：ログイン期限日時タイムスタンプ:1555984524
[24-Mar-2019 06:00:41 UTC] デバッグ：すでにログインしているユーザーです
[24-Mar-2019 06:00:41 UTC] デバッグ：セッションの中身：Array
(
    [login_limit] => 2592000
    [user_id] => 6
    [login_date] => 1553392524
    [msg_success] => 
)

[24-Mar-2019 06:00:41 UTC] デバッグ：ログイン有効期限内です
[24-Mar-2019 06:00:41 UTC] デバッグ：商品登録・編集のために商品情報を取得します
[24-Mar-2019 06:00:41 UTC] デバッグ：クエリ実行準備は完了しています
[24-Mar-2019 06:00:41 UTC] デバッグ：クエリに成功しました
[24-Mar-2019 06:00:41 UTC] デバッグ：成功したSQL:PDOStatement Object
(
    [queryString] => SELECT * FROM product WHERE id=:u_id AND delete_flg=0
)

[24-Mar-2019 06:00:41 UTC] デバッグ：取得してきた商品データ:0
[24-Mar-2019 06:00:41 UTC] デバッグ：カテゴリ情報を取得します
[24-Mar-2019 06:00:41 UTC] デバッグ：クエリ実行準備は完了しています
[24-Mar-2019 06:00:41 UTC] デバッグ：クエリに失敗しました
[24-Mar-2019 06:00:41 UTC] デバッグ：失敗したSQL:PDOStatement Object
(
    [queryString] => SELECT category_id FROM category WHERE id=:u_id AND delete_flg=0
)

[24-Mar-2019 06:00:41 UTC] PHP Fatal error:  Uncaught Error: Call to a member function fetchAll() on integer in /Applications/MAMP/htdocs/webサービス部/webサービス/function.php:290
Stack trace:
#0 /Applications/MAMP/htdocs/webサービス部/webサービス/registProduct.php(18): getCategory('6')
#1 {main}
  thrown in /Applications/MAMP/htdocs/webサービス部/webサービス/function.php on line 290
[24-Mar-2019 06:01:26 UTC] デバッグ：『『『『『『『『『『『『『『『『『『『『『『『『『『『『『『『『『『『『『
[24-Mar-2019 06:01:26 UTC] デバッグ：記事投稿・編集ページ
[24-Mar-2019 06:01:26 UTC] デバッグ：『『『『『『『『『『『『『『『『『『『『『『『『『『『『『『『『『『『『『
[24-Mar-2019 06:01:26 UTC] デバッグ：>>>>>>>>>>>>>>>>>>>>>>>>>>>>>>>>>>>>>>>>>>>>>> 画面表示処理開始(fun)
[24-Mar-2019 06:01:26 UTC] デバッグ：セッションID:jj6a4rtduqlq3mm0rt64si479s
[24-Mar-2019 06:01:26 UTC] デバッグ：セッション変数の中身:Array
(
    [login_limit] => 2592000
    [user_id] => 6
    [login_date] => 1553392524
    [msg_success] => 
)

[24-Mar-2019 06:01:26 UTC] デバッグ：現在日時タイムスタンプ:1553407286
[24-Mar-2019 06:01:26 UTC] デバッグ：ログイン期限日時タイムスタンプ:1555984524
[24-Mar-2019 06:01:26 UTC] デバッグ：すでにログインしているユーザーです
[24-Mar-2019 06:01:26 UTC] デバッグ：セッションの中身：Array
(
    [login_limit] => 2592000
    [user_id] => 6
    [login_date] => 1553392524
    [msg_success] => 
)

[24-Mar-2019 06:01:26 UTC] デバッグ：ログイン有効期限内です
[24-Mar-2019 06:01:26 UTC] デバッグ：商品登録・編集のために商品情報を取得します
[24-Mar-2019 06:01:26 UTC] デバッグ：クエリ実行準備は完了しています
[24-Mar-2019 06:01:26 UTC] デバッグ：クエリに成功しました
[24-Mar-2019 06:01:26 UTC] デバッグ：成功したSQL:PDOStatement Object
(
    [queryString] => SELECT * FROM product WHERE id=:u_id AND delete_flg=0
)

[24-Mar-2019 06:01:26 UTC] デバッグ：取得してきた商品データ:0
[24-Mar-2019 06:01:26 UTC] デバッグ：カテゴリ情報を取得します
[24-Mar-2019 06:01:26 UTC] デバッグ：クエリ実行準備は完了しています
[24-Mar-2019 06:01:26 UTC] デバッグ：クエリに失敗しました
[24-Mar-2019 06:01:26 UTC] デバッグ：失敗したSQL:PDOStatement Object
(
    [queryString] => SELECT category_id FROM category WHERE id=:u_id AND delete_flg=0
)

[24-Mar-2019 06:01:26 UTC] PHP Fatal error:  Uncaught Error: Call to a member function fetch() on integer in /Applications/MAMP/htdocs/webサービス部/webサービス/function.php:290
Stack trace:
#0 /Applications/MAMP/htdocs/webサービス部/webサービス/registProduct.php(18): getCategory('6')
#1 {main}
  thrown in /Applications/MAMP/htdocs/webサービス部/webサービス/function.php on line 290
